# JRE version: OpenJDK Runtime Environment Temurin-17.0.14+7 (17.0.14+7) (build 17.0.14+7)
# Java VM: OpenJDK 64-Bit Server VM Temurin-17.0.14+7 (17.0.14+7, mixed mode, sharing, tiered, compressed oops, compressed class ptrs, parallel gc, windows-amd64)
GC Precious Log:
 CPUs: 8 total, 8 available
 Memory: 7502M
 Large Page Support: Disabled
 NUMA Support: Disabled
 Compressed Oops: Enabled (32-bit)
 Alignments: Space 512K, Generation 512K, Heap 2M
 Heap Min Capacity: 8M
 Heap Initial Capacity: 118M
 Heap Max Capacity: 2G
 Pre-touch: Disabled
 Parallel Workers: 8
Heap:
 PSYoungGen      total 484352K, used 378812K [0x00000000d5580000, 0x0000000100000000, 0x0000000100000000)
  eden space 363008K, 71% used [0x00000000d5580000,0x00000000e5161be8,0x00000000eb800000)
  from space 121344K, 99% used [0x00000000eb800000,0x00000000f2e0d650,0x00000000f2e80000)
  to   space 176640K, 0% used [0x00000000f5380000,0x00000000f5380000,0x0000000100000000)
 ParOldGen       total 747008K, used 684062K [0x0000000080000000, 0x00000000ad980000, 0x00000000d5580000)
  object space 747008K, 91% used [0x0000000080000000,0x00000000a9c07be0,0x00000000ad980000)
 Metaspace       used 205436K, committed 208448K, reserved 1245184K
  class space    used 26127K, committed 27520K, reserved 1048576K
GC Heap History (20 events):
Event: 3963.807 GC heap before
{Heap before GC invocations=250 (full 13):
 PSYoungGen      total 557568K, used 557128K [0x00000000d5580000, 0x00000000ff680000, 0x0000000100000000)
  eden space 530432K, 100% used [0x00000000d5580000,0x00000000f5b80000,0x00000000f5b80000)
  from space 27136K, 98% used [0x00000000f5b80000,0x00000000f7592308,0x00000000f7600000)
  to   space 79360K, 0% used [0x00000000fa900000,0x00000000fa900000,0x00000000ff680000)
 ParOldGen       total 747008K, used 528688K [0x0000000080000000, 0x00000000ad980000, 0x00000000d5580000)
  object space 747008K, 70% used [0x0000000080000000,0x00000000a044c248,0x00000000ad980000)
 Metaspace       used 199718K, committed 203456K, reserved 1245184K
  class space    used 25364K, committed 26880K, reserved 1048576K
}
Event: 3964.056 GC heap after
{Heap after GC invocations=250 (full 13):
 PSYoungGen      total 503808K, used 79346K [0x00000000d5580000, 0x0000000100000000, 0x0000000100000000)
  eden space 424448K, 0% used [0x00000000d5580000,0x00000000d5580000,0x00000000ef400000)
  from space 79360K, 99% used [0x00000000fa900000,0x00000000ff67c8a8,0x00000000ff680000)
  to   space 137216K, 0% used [0x00000000ef400000,0x00000000ef400000,0x00000000f7a00000)
 ParOldGen       total 747008K, used 648585K [0x0000000080000000, 0x00000000ad980000, 0x00000000d5580000)
  object space 747008K, 86% used [0x0000000080000000,0x00000000a7962700,0x00000000ad980000)
 Metaspace       used 199718K, committed 203456K, reserved 1245184K
  class space    used 25364K, committed 26880K, reserved 1048576K
}
Event: 3967.897 GC heap before
{Heap before GC invocations=251 (full 13):
 PSYoungGen      total 503808K, used 503794K [0x00000000d5580000, 0x0000000100000000, 0x0000000100000000)
  eden space 424448K, 100% used [0x00000000d5580000,0x00000000ef400000,0x00000000ef400000)
  from space 79360K, 99% used [0x00000000fa900000,0x00000000ff67c8a8,0x00000000ff680000)
  to   space 137216K, 0% used [0x00000000ef400000,0x00000000ef400000,0x00000000f7a00000)
 ParOldGen       total 747008K, used 648585K [0x0000000080000000, 0x00000000ad980000, 0x00000000d5580000)
  object space 747008K, 86% used [0x0000000080000000,0x00000000a7962700,0x00000000ad980000)
 Metaspace       used 199721K, committed 203456K, reserved 1245184K
  class space    used 25364K, committed 26880K, reserved 1048576K
}
Event: 3969.349 GC heap after
{Heap after GC invocations=251 (full 13):
 PSYoungGen      total 550912K, used 126127K [0x00000000d5580000, 0x0000000100000000, 0x0000000100000000)
  eden space 424448K, 0% used [0x00000000d5580000,0x00000000d5580000,0x00000000ef400000)
  from space 126464K, 99% used [0x00000000ef400000,0x00000000f6f2bec8,0x00000000f6f80000)
  to   space 147968K, 0% used [0x00000000f6f80000,0x00000000f6f80000,0x0000000100000000)
 ParOldGen       total 747008K, used 653950K [0x0000000080000000, 0x00000000ad980000, 0x00000000d5580000)
  object space 747008K, 87% used [0x0000000080000000,0x00000000a7e9f850,0x00000000ad980000)
 Metaspace       used 199721K, committed 203456K, reserved 1245184K
  class space    used 25364K, committed 26880K, reserved 1048576K
}
Event: 3975.188 GC heap before
{Heap before GC invocations=252 (full 13):
 PSYoungGen      total 550912K, used 550575K [0x00000000d5580000, 0x0000000100000000, 0x0000000100000000)
  eden space 424448K, 100% used [0x00000000d5580000,0x00000000ef400000,0x00000000ef400000)
  from space 126464K, 99% used [0x00000000ef400000,0x00000000f6f2bec8,0x00000000f6f80000)
  to   space 147968K, 0% used [0x00000000f6f80000,0x00000000f6f80000,0x0000000100000000)
 ParOldGen       total 747008K, used 653950K [0x0000000080000000, 0x00000000ad980000, 0x00000000d5580000)
  object space 747008K, 87% used [0x0000000080000000,0x00000000a7e9f850,0x00000000ad980000)
 Metaspace       used 199728K, committed 203456K, reserved 1245184K
  class space    used 25364K, committed 26880K, reserved 1048576K
}
Event: 3975.329 GC heap after
{Heap after GC invocations=252 (full 13):
 PSYoungGen      total 551424K, used 53023K [0x00000000d5580000, 0x0000000100000000, 0x0000000100000000)
  eden space 403456K, 0% used [0x00000000d5580000,0x00000000d5580000,0x00000000edf80000)
  from space 147968K, 35% used [0x00000000f6f80000,0x00000000fa347ca0,0x0000000100000000)
  to   space 147456K, 0% used [0x00000000edf80000,0x00000000edf80000,0x00000000f6f80000)
 ParOldGen       total 747008K, used 657157K [0x0000000080000000, 0x00000000ad980000, 0x00000000d5580000)
  object space 747008K, 87% used [0x0000000080000000,0x00000000a81c15a8,0x00000000ad980000)
 Metaspace       used 199728K, committed 203456K, reserved 1245184K
  class space    used 25364K, committed 26880K, reserved 1048576K
}
Event: 3993.941 GC heap before
{Heap before GC invocations=253 (full 13):
 PSYoungGen      total 551424K, used 456479K [0x00000000d5580000, 0x0000000100000000, 0x0000000100000000)
  eden space 403456K, 100% used [0x00000000d5580000,0x00000000edf80000,0x00000000edf80000)
  from space 147968K, 35% used [0x00000000f6f80000,0x00000000fa347ca0,0x0000000100000000)
  to   space 147456K, 0% used [0x00000000edf80000,0x00000000edf80000,0x00000000f6f80000)
 ParOldGen       total 747008K, used 657157K [0x0000000080000000, 0x00000000ad980000, 0x00000000d5580000)
  object space 747008K, 87% used [0x0000000080000000,0x00000000a81c15a8,0x00000000ad980000)
 Metaspace       used 200512K, committed 203456K, reserved 1245184K
  class space    used 25447K, committed 26880K, reserved 1048576K
}
Event: 3994.080 GC heap after
{Heap after GC invocations=253 (full 13):
 PSYoungGen      total 460800K, used 57058K [0x00000000d5580000, 0x00000000fef80000, 0x0000000100000000)
  eden space 403456K, 0% used [0x00000000d5580000,0x00000000d5580000,0x00000000edf80000)
  from space 57344K, 99% used [0x00000000edf80000,0x00000000f1738b28,0x00000000f1780000)
  to   space 139264K, 0% used [0x00000000f6780000,0x00000000f6780000,0x00000000fef80000)
 ParOldGen       total 747008K, used 657221K [0x0000000080000000, 0x00000000ad980000, 0x00000000d5580000)
  object space 747008K, 87% used [0x0000000080000000,0x00000000a81d15a8,0x00000000ad980000)
 Metaspace       used 200512K, committed 203456K, reserved 1245184K
  class space    used 25447K, committed 26880K, reserved 1048576K
}
Event: 4000.388 GC heap before
{Heap before GC invocations=254 (full 13):
 PSYoungGen      total 460800K, used 460041K [0x00000000d5580000, 0x00000000fef80000, 0x0000000100000000)
  eden space 403456K, 99% used [0x00000000d5580000,0x00000000edf09ba8,0x00000000edf80000)
  from space 57344K, 99% used [0x00000000edf80000,0x00000000f1738b28,0x00000000f1780000)
  to   space 139264K, 0% used [0x00000000f6780000,0x00000000f6780000,0x00000000fef80000)
 ParOldGen       total 747008K, used 657221K [0x0000000080000000, 0x00000000ad980000, 0x00000000d5580000)
  object space 747008K, 87% used [0x0000000080000000,0x00000000a81d15a8,0x00000000ad980000)
 Metaspace       used 200681K, committed 203456K, reserved 1245184K
  class space    used 25472K, committed 26880K, reserved 1048576K
}
Event: 4000.517 GC heap after
{Heap after GC invocations=254 (full 13):
 PSYoungGen      total 536064K, used 96959K [0x00000000d5580000, 0x0000000100000000, 0x0000000100000000)
  eden space 396800K, 0% used [0x00000000d5580000,0x00000000d5580000,0x00000000ed900000)
  from space 139264K, 69% used [0x00000000f6780000,0x00000000fc62ff00,0x00000000fef80000)
  to   space 145920K, 0% used [0x00000000ed900000,0x00000000ed900000,0x00000000f6780000)
 ParOldGen       total 747008K, used 657237K [0x0000000080000000, 0x00000000ad980000, 0x00000000d5580000)
  object space 747008K, 87% used [0x0000000080000000,0x00000000a81d55a8,0x00000000ad980000)
 Metaspace       used 200681K, committed 203456K, reserved 1245184K
  class space    used 25472K, committed 26880K, reserved 1048576K
}
Event: 4252.457 GC heap before
{Heap before GC invocations=255 (full 13):
 PSYoungGen      total 536064K, used 493759K [0x00000000d5580000, 0x0000000100000000, 0x0000000100000000)
  eden space 396800K, 100% used [0x00000000d5580000,0x00000000ed900000,0x00000000ed900000)
  from space 139264K, 69% used [0x00000000f6780000,0x00000000fc62ff00,0x00000000fef80000)
  to   space 145920K, 0% used [0x00000000ed900000,0x00000000ed900000,0x00000000f6780000)
 ParOldGen       total 747008K, used 657237K [0x0000000080000000, 0x00000000ad980000, 0x00000000d5580000)
  object space 747008K, 87% used [0x0000000080000000,0x00000000a81d55a8,0x00000000ad980000)
 Metaspace       used 201258K, committed 203840K, reserved 1245184K
  class space    used 25548K, committed 26880K, reserved 1048576K
}
Event: 4253.360 GC heap after
{Heap after GC invocations=255 (full 13):
 PSYoungGen      total 542720K, used 39903K [0x00000000d5580000, 0x00000000ffc80000, 0x0000000100000000)
  eden space 396800K, 0% used [0x00000000d5580000,0x00000000d5580000,0x00000000ed900000)
  from space 145920K, 27% used [0x00000000ed900000,0x00000000efff7f88,0x00000000f6780000)
  to   space 140800K, 0% used [0x00000000f7300000,0x00000000f7300000,0x00000000ffc80000)
 ParOldGen       total 747008K, used 684030K [0x0000000080000000, 0x00000000ad980000, 0x00000000d5580000)
  object space 747008K, 91% used [0x0000000080000000,0x00000000a9bffbe0,0x00000000ad980000)
 Metaspace       used 201258K, committed 203840K, reserved 1245184K
  class space    used 25548K, committed 26880K, reserved 1048576K
}
Event: 6272.529 GC heap before
{Heap before GC invocations=256 (full 13):
 PSYoungGen      total 542720K, used 436703K [0x00000000d5580000, 0x00000000ffc80000, 0x0000000100000000)
  eden space 396800K, 100% used [0x00000000d5580000,0x00000000ed900000,0x00000000ed900000)
  from space 145920K, 27% used [0x00000000ed900000,0x00000000efff7f88,0x00000000f6780000)
  to   space 140800K, 0% used [0x00000000f7300000,0x00000000f7300000,0x00000000ffc80000)
 ParOldGen       total 747008K, used 684030K [0x0000000080000000, 0x00000000ad980000, 0x00000000d5580000)
  object space 747008K, 91% used [0x0000000080000000,0x00000000a9bffbe0,0x00000000ad980000)
 Metaspace       used 203048K, committed 205632K, reserved 1245184K
  class space    used 25819K, committed 27008K, reserved 1048576K
}
Event: 6273.912 GC heap after
{Heap after GC invocations=256 (full 13):
 PSYoungGen      total 552448K, used 80662K [0x00000000d5580000, 0x00000000ffc00000, 0x0000000100000000)
  eden space 412160K, 0% used [0x00000000d5580000,0x00000000d5580000,0x00000000ee800000)
  from space 140288K, 57% used [0x00000000f7300000,0x00000000fc1c5b60,0x00000000ffc00000)
  to   space 141312K, 0% used [0x00000000ee800000,0x00000000ee800000,0x00000000f7200000)
 ParOldGen       total 747008K, used 684038K [0x0000000080000000, 0x00000000ad980000, 0x00000000d5580000)
  object space 747008K, 91% used [0x0000000080000000,0x00000000a9c01be0,0x00000000ad980000)
 Metaspace       used 203048K, committed 205632K, reserved 1245184K
  class space    used 25819K, committed 27008K, reserved 1048576K
}
Event: 6283.301 GC heap before
{Heap before GC invocations=257 (full 13):
 PSYoungGen      total 552448K, used 492822K [0x00000000d5580000, 0x00000000ffc00000, 0x0000000100000000)
  eden space 412160K, 100% used [0x00000000d5580000,0x00000000ee800000,0x00000000ee800000)
  from space 140288K, 57% used [0x00000000f7300000,0x00000000fc1c5b60,0x00000000ffc00000)
  to   space 141312K, 0% used [0x00000000ee800000,0x00000000ee800000,0x00000000f7200000)
 ParOldGen       total 747008K, used 684038K [0x0000000080000000, 0x00000000ad980000, 0x00000000d5580000)
  object space 747008K, 91% used [0x0000000080000000,0x00000000a9c01be0,0x00000000ad980000)
 Metaspace       used 203494K, committed 206144K, reserved 1245184K
  class space    used 25874K, committed 27136K, reserved 1048576K
}
Event: 6283.753 GC heap after
{Heap after GC invocations=257 (full 13):
 PSYoungGen      total 528896K, used 116669K [0x00000000d5580000, 0x0000000100000000, 0x0000000100000000)
  eden space 412160K, 0% used [0x00000000d5580000,0x00000000d5580000,0x00000000ee800000)
  from space 116736K, 99% used [0x00000000ee800000,0x00000000f59ef798,0x00000000f5a00000)
  to   space 154112K, 0% used [0x00000000f6980000,0x00000000f6980000,0x0000000100000000)
 ParOldGen       total 747008K, used 684046K [0x0000000080000000, 0x00000000ad980000, 0x00000000d5580000)
  object space 747008K, 91% used [0x0000000080000000,0x00000000a9c03be0,0x00000000ad980000)
 Metaspace       used 203494K, committed 206144K, reserved 1245184K
  class space    used 25874K, committed 27136K, reserved 1048576K
}
Event: 6296.411 GC heap before
{Heap before GC invocations=258 (full 13):
 PSYoungGen      total 528896K, used 528829K [0x00000000d5580000, 0x0000000100000000, 0x0000000100000000)
  eden space 412160K, 100% used [0x00000000d5580000,0x00000000ee800000,0x00000000ee800000)
  from space 116736K, 99% used [0x00000000ee800000,0x00000000f59ef798,0x00000000f5a00000)
  to   space 154112K, 0% used [0x00000000f6980000,0x00000000f6980000,0x0000000100000000)
 ParOldGen       total 747008K, used 684046K [0x0000000080000000, 0x00000000ad980000, 0x00000000d5580000)
  object space 747008K, 91% used [0x0000000080000000,0x00000000a9c03be0,0x00000000ad980000)
 Metaspace       used 204157K, committed 206848K, reserved 1245184K
  class space    used 25928K, committed 27200K, reserved 1048576K
}
Event: 6296.672 GC heap after
{Heap after GC invocations=258 (full 13):
 PSYoungGen      total 517120K, used 126715K [0x00000000d5580000, 0x0000000100000000, 0x0000000100000000)
  eden space 363008K, 0% used [0x00000000d5580000,0x00000000d5580000,0x00000000eb800000)
  from space 154112K, 82% used [0x00000000f6980000,0x00000000fe53ed60,0x0000000100000000)
  to   space 167936K, 0% used [0x00000000eb800000,0x00000000eb800000,0x00000000f5c00000)
 ParOldGen       total 747008K, used 684054K [0x0000000080000000, 0x00000000ad980000, 0x00000000d5580000)
  object space 747008K, 91% used [0x0000000080000000,0x00000000a9c05be0,0x00000000ad980000)
 Metaspace       used 204157K, committed 206848K, reserved 1245184K
  class space    used 25928K, committed 27200K, reserved 1048576K
}
Event: 6310.861 GC heap before
{Heap before GC invocations=259 (full 13):
 PSYoungGen      total 517120K, used 489723K [0x00000000d5580000, 0x0000000100000000, 0x0000000100000000)
  eden space 363008K, 100% used [0x00000000d5580000,0x00000000eb800000,0x00000000eb800000)
  from space 154112K, 82% used [0x00000000f6980000,0x00000000fe53ed60,0x0000000100000000)
  to   space 167936K, 0% used [0x00000000eb800000,0x00000000eb800000,0x00000000f5c00000)
 ParOldGen       total 747008K, used 684054K [0x0000000080000000, 0x00000000ad980000, 0x00000000d5580000)
  object space 747008K, 91% used [0x0000000080000000,0x00000000a9c05be0,0x00000000ad980000)
 Metaspace       used 204517K, committed 207232K, reserved 1245184K
  class space    used 25961K, committed 27264K, reserved 1048576K
}
Event: 6310.982 GC heap after
{Heap after GC invocations=259 (full 13):
 PSYoungGen      total 484352K, used 120885K [0x00000000d5580000, 0x0000000100000000, 0x0000000100000000)
  eden space 363008K, 0% used [0x00000000d5580000,0x00000000d5580000,0x00000000eb800000)
  from space 121344K, 99% used [0x00000000eb800000,0x00000000f2e0d650,0x00000000f2e80000)
  to   space 176640K, 0% used [0x00000000f5380000,0x00000000f5380000,0x0000000100000000)
 ParOldGen       total 747008K, used 684062K [0x0000000080000000, 0x00000000ad980000, 0x00000000d5580000)
  object space 747008K, 91% used [0x0000000080000000,0x00000000a9c07be0,0x00000000ad980000)
 Metaspace       used 204517K, committed 207232K, reserved 1245184K
  class space    used 25961K, committed 27264K, reserved 1048576K
}

