# JRE version: OpenJDK Runtime Environment Temurin-17.0.14+7 (17.0.14+7) (build 17.0.14+7)
# Java VM: OpenJDK 64-Bit Server VM Temurin-17.0.14+7 (17.0.14+7, mixed mode, sharing, tiered, compressed oops, compressed class ptrs, g1 gc, windows-amd64)
GC Precious Log:
 CPUs: 8 total, 8 available
 Memory: 7502M
 Large Page Support: Disabled
 NUMA Support: Disabled
 Compressed Oops: Enabled (32-bit)
 Heap Region Size: 1M
 Heap Min Capacity: 8M
 Heap Initial Capacity: 118M
 Heap Max Capacity: 2G
 Pre-touch: Disabled
 Parallel Workers: 8
 Concurrent Workers: 2
 Concurrent Refinement Workers: 8
 Periodic GC: Disabled
Heap:
 garbage-first heap   total 407552K, used 320610K [0x0000000080000000, 0x0000000100000000)
  region size 1024K, 106 young (108544K), 13 survivors (13312K)
 Metaspace       used 114448K, committed 115904K, reserved 557056K
  class space    used 15837K, committed 16576K, reserved 425984K
GC Heap History (20 events):
Event: 43.446 GC heap before
{Heap before GC invocations=48 (full 0):
 garbage-first heap   total 181248K, used 101973K [0x0000000080000000, 0x0000000100000000)
  region size 1024K, 8 young (8192K), 6 survivors (6144K)
 Metaspace       used 87574K, committed 88448K, reserved 557056K
  class space    used 12439K, committed 12864K, reserved 425984K
}
Event: 43.452 GC heap after
{Heap after GC invocations=49 (full 0):
 garbage-first heap   total 181248K, used 100381K [0x0000000080000000, 0x0000000100000000)
  region size 1024K, 1 young (1024K), 1 survivors (1024K)
 Metaspace       used 87574K, committed 88448K, reserved 557056K
  class space    used 12439K, committed 12864K, reserved 425984K
}
Event: 44.385 GC heap before
{Heap before GC invocations=49 (full 0):
 garbage-first heap   total 181248K, used 149533K [0x0000000080000000, 0x0000000100000000)
  region size 1024K, 49 young (50176K), 1 survivors (1024K)
 Metaspace       used 90635K, committed 91456K, reserved 557056K
  class space    used 12866K, committed 13248K, reserved 425984K
}
Event: 44.392 GC heap after
{Heap after GC invocations=50 (full 0):
 garbage-first heap   total 407552K, used 102395K [0x0000000080000000, 0x0000000100000000)
  region size 1024K, 3 young (3072K), 3 survivors (3072K)
 Metaspace       used 90635K, committed 91456K, reserved 557056K
  class space    used 12866K, committed 13248K, reserved 425984K
}
Event: 48.473 GC heap before
{Heap before GC invocations=50 (full 0):
 garbage-first heap   total 407552K, used 300027K [0x0000000080000000, 0x0000000100000000)
  region size 1024K, 190 young (194560K), 3 survivors (3072K)
 Metaspace       used 96952K, committed 97984K, reserved 557056K
  class space    used 13659K, committed 14144K, reserved 425984K
}
Event: 48.508 GC heap after
{Heap after GC invocations=51 (full 0):
 garbage-first heap   total 407552K, used 140715K [0x0000000080000000, 0x0000000100000000)
  region size 1024K, 24 young (24576K), 24 survivors (24576K)
 Metaspace       used 96952K, committed 97984K, reserved 557056K
  class space    used 13659K, committed 14144K, reserved 425984K
}
Event: 50.591 GC heap before
{Heap before GC invocations=51 (full 0):
 garbage-first heap   total 407552K, used 281003K [0x0000000080000000, 0x0000000100000000)
  region size 1024K, 161 young (164864K), 24 survivors (24576K)
 Metaspace       used 102249K, committed 103360K, reserved 557056K
  class space    used 14411K, committed 14976K, reserved 425984K
}
Event: 50.621 GC heap after
{Heap after GC invocations=52 (full 0):
 garbage-first heap   total 407552K, used 154232K [0x0000000080000000, 0x0000000100000000)
  region size 1024K, 14 young (14336K), 14 survivors (14336K)
 Metaspace       used 102249K, committed 103360K, reserved 557056K
  class space    used 14411K, committed 14976K, reserved 425984K
}
Event: 53.080 GC heap before
{Heap before GC invocations=52 (full 0):
 garbage-first heap   total 407552K, used 300664K [0x0000000080000000, 0x0000000100000000)
  region size 1024K, 153 young (156672K), 14 survivors (14336K)
 Metaspace       used 103440K, committed 104576K, reserved 557056K
  class space    used 14528K, committed 15104K, reserved 425984K
}
Event: 53.112 GC heap after
{Heap after GC invocations=53 (full 0):
 garbage-first heap   total 407552K, used 180224K [0x0000000080000000, 0x0000000100000000)
  region size 1024K, 20 young (20480K), 20 survivors (20480K)
 Metaspace       used 103440K, committed 104576K, reserved 557056K
  class space    used 14528K, committed 15104K, reserved 425984K
}
Event: 55.743 GC heap before
{Heap before GC invocations=53 (full 0):
 garbage-first heap   total 407552K, used 306176K [0x0000000080000000, 0x0000000100000000)
  region size 1024K, 143 young (146432K), 20 survivors (20480K)
 Metaspace       used 108454K, committed 109632K, reserved 557056K
  class space    used 15187K, committed 15808K, reserved 425984K
}
Event: 55.784 GC heap after
{Heap after GC invocations=54 (full 0):
 garbage-first heap   total 407552K, used 194390K [0x0000000080000000, 0x0000000100000000)
  region size 1024K, 13 young (13312K), 13 survivors (13312K)
 Metaspace       used 108454K, committed 109632K, reserved 557056K
  class space    used 15187K, committed 15808K, reserved 425984K
}
Event: 58.563 GC heap before
{Heap before GC invocations=54 (full 0):
 garbage-first heap   total 407552K, used 318294K [0x0000000080000000, 0x0000000100000000)
  region size 1024K, 134 young (137216K), 13 survivors (13312K)
 Metaspace       used 109357K, committed 110656K, reserved 557056K
  class space    used 15293K, committed 15936K, reserved 425984K
}
Event: 58.594 GC heap after
{Heap after GC invocations=55 (full 0):
 garbage-first heap   total 407552K, used 204905K [0x0000000080000000, 0x0000000100000000)
  region size 1024K, 11 young (11264K), 11 survivors (11264K)
 Metaspace       used 109357K, committed 110656K, reserved 557056K
  class space    used 15293K, committed 15936K, reserved 425984K
}
Event: 60.598 GC heap before
{Heap before GC invocations=55 (full 0):
 garbage-first heap   total 407552K, used 323689K [0x0000000080000000, 0x0000000100000000)
  region size 1024K, 128 young (131072K), 11 survivors (11264K)
 Metaspace       used 109461K, committed 110720K, reserved 557056K
  class space    used 15304K, committed 15936K, reserved 425984K
}
Event: 60.620 GC heap after
{Heap after GC invocations=56 (full 0):
 garbage-first heap   total 407552K, used 212232K [0x0000000080000000, 0x0000000100000000)
  region size 1024K, 9 young (9216K), 9 survivors (9216K)
 Metaspace       used 109461K, committed 110720K, reserved 557056K
  class space    used 15304K, committed 15936K, reserved 425984K
}
Event: 62.230 GC heap before
{Heap before GC invocations=56 (full 0):
 garbage-first heap   total 407552K, used 328968K [0x0000000080000000, 0x0000000100000000)
  region size 1024K, 124 young (126976K), 9 survivors (9216K)
 Metaspace       used 109884K, committed 111296K, reserved 557056K
  class space    used 15347K, committed 16064K, reserved 425984K
}
Event: 62.247 GC heap after
{Heap after GC invocations=57 (full 0):
 garbage-first heap   total 407552K, used 217502K [0x0000000080000000, 0x0000000100000000)
  region size 1024K, 14 young (14336K), 14 survivors (14336K)
 Metaspace       used 109884K, committed 111296K, reserved 557056K
  class space    used 15347K, committed 16064K, reserved 425984K
}
Event: 63.674 GC heap before
{Heap before GC invocations=57 (full 0):
 garbage-first heap   total 407552K, used 333214K [0x0000000080000000, 0x0000000100000000)
  region size 1024K, 128 young (131072K), 14 survivors (14336K)
 Metaspace       used 110197K, committed 111616K, reserved 557056K
  class space    used 15377K, committed 16064K, reserved 425984K
}
Event: 63.692 GC heap after
{Heap after GC invocations=58 (full 0):
 garbage-first heap   total 407552K, used 222306K [0x0000000080000000, 0x0000000100000000)
  region size 1024K, 13 young (13312K), 13 survivors (13312K)
 Metaspace       used 110197K, committed 111616K, reserved 557056K
  class space    used 15377K, committed 16064K, reserved 425984K
}

