# JRE version: OpenJDK Runtime Environment Temurin-17.0.14+7 (17.0.14+7) (build 17.0.14+7)
# Java VM: OpenJDK 64-Bit Server VM Temurin-17.0.14+7 (17.0.14+7, mixed mode, sharing, tiered, compressed oops, compressed class ptrs, g1 gc, windows-amd64)
GC Precious Log:
 CPUs: 8 total, 8 available
 Memory: 7502M
 Large Page Support: Disabled
 NUMA Support: Disabled
 Compressed Oops: Enabled (32-bit)
 Heap Region Size: 1M
 Heap Min Capacity: 8M
 Heap Initial Capacity: 118M
 Heap Max Capacity: 2G
 Pre-touch: Disabled
 Parallel Workers: 8
 Concurrent Workers: 2
 Concurrent Refinement Workers: 8
 Periodic GC: Disabled
Heap:
 garbage-first heap   total 372736K, used 273111K [0x0000000080000000, 0x0000000100000000)
  region size 1024K, 72 young (73728K), 10 survivors (10240K)
 Metaspace       used 114700K, committed 115904K, reserved 557056K
  class space    used 15952K, committed 16512K, reserved 425984K
GC Heap History (20 events):
Event: 38.693 GC heap before
{Heap before GC invocations=45 (full 0):
 garbage-first heap   total 186368K, used 142209K [0x0000000080000000, 0x0000000100000000)
  region size 1024K, 48 young (49152K), 1 survivors (1024K)
 Metaspace       used 84552K, committed 85312K, reserved 557056K
  class space    used 11787K, committed 12160K, reserved 425984K
}
Event: 38.697 GC heap after
{Heap after GC invocations=46 (full 0):
 garbage-first heap   total 186368K, used 95461K [0x0000000080000000, 0x0000000100000000)
  region size 1024K, 3 young (3072K), 3 survivors (3072K)
 Metaspace       used 84552K, committed 85312K, reserved 557056K
  class space    used 11787K, committed 12160K, reserved 425984K
}
Event: 39.477 GC heap before
{Heap before GC invocations=47 (full 0):
 garbage-first heap   total 186368K, used 144613K [0x0000000080000000, 0x0000000100000000)
  region size 1024K, 51 young (52224K), 3 survivors (3072K)
 Metaspace       used 87602K, committed 88448K, reserved 557056K
  class space    used 12211K, committed 12608K, reserved 425984K
}
Event: 39.484 GC heap after
{Heap after GC invocations=48 (full 0):
 garbage-first heap   total 186368K, used 98247K [0x0000000080000000, 0x0000000100000000)
  region size 1024K, 5 young (5120K), 5 survivors (5120K)
 Metaspace       used 87602K, committed 88448K, reserved 557056K
  class space    used 12211K, committed 12608K, reserved 425984K
}
Event: 39.517 GC heap before
{Heap before GC invocations=48 (full 0):
 garbage-first heap   total 186368K, used 102343K [0x0000000080000000, 0x0000000100000000)
  region size 1024K, 9 young (9216K), 5 survivors (5120K)
 Metaspace       used 87602K, committed 88448K, reserved 557056K
  class space    used 12211K, committed 12608K, reserved 425984K
}
Event: 39.524 GC heap after
{Heap after GC invocations=49 (full 0):
 garbage-first heap   total 186368K, used 98015K [0x0000000080000000, 0x0000000100000000)
  region size 1024K, 1 young (1024K), 1 survivors (1024K)
 Metaspace       used 87602K, committed 88448K, reserved 557056K
  class space    used 12211K, committed 12608K, reserved 425984K
}
Event: 44.790 GC heap before
{Heap before GC invocations=49 (full 0):
 garbage-first heap   total 186368K, used 148191K [0x0000000080000000, 0x0000000100000000)
  region size 1024K, 50 young (51200K), 1 survivors (1024K)
 Metaspace       used 88965K, committed 89792K, reserved 557056K
  class space    used 12390K, committed 12800K, reserved 425984K
}
Event: 44.798 GC heap after
{Heap after GC invocations=50 (full 0):
 garbage-first heap   total 372736K, used 101752K [0x0000000080000000, 0x0000000100000000)
  region size 1024K, 4 young (4096K), 4 survivors (4096K)
 Metaspace       used 88965K, committed 89792K, reserved 557056K
  class space    used 12390K, committed 12800K, reserved 425984K
}
Event: 48.333 GC heap before
{Heap before GC invocations=50 (full 0):
 garbage-first heap   total 372736K, used 272760K [0x0000000080000000, 0x0000000100000000)
  region size 1024K, 170 young (174080K), 4 survivors (4096K)
 Metaspace       used 98660K, committed 99584K, reserved 557056K
  class space    used 13857K, committed 14336K, reserved 425984K
}
Event: 48.354 GC heap after
{Heap after GC invocations=51 (full 0):
 garbage-first heap   total 372736K, used 113081K [0x0000000080000000, 0x0000000100000000)
  region size 1024K, 15 young (15360K), 15 survivors (15360K)
 Metaspace       used 98660K, committed 99584K, reserved 557056K
  class space    used 13857K, committed 14336K, reserved 425984K
}
Event: 52.273 GC heap before
{Heap before GC invocations=51 (full 0):
 garbage-first heap   total 372736K, used 299449K [0x0000000080000000, 0x0000000100000000)
  region size 1024K, 191 young (195584K), 15 survivors (15360K)
 Metaspace       used 104883K, committed 105920K, reserved 557056K
  class space    used 14741K, committed 15232K, reserved 425984K
}
Event: 52.308 GC heap after
{Heap after GC invocations=52 (full 0):
 garbage-first heap   total 372736K, used 145790K [0x0000000080000000, 0x0000000100000000)
  region size 1024K, 24 young (24576K), 24 survivors (24576K)
 Metaspace       used 104883K, committed 105920K, reserved 557056K
  class space    used 14741K, committed 15232K, reserved 425984K
}
Event: 54.300 GC heap before
{Heap before GC invocations=52 (full 0):
 garbage-first heap   total 372736K, used 291198K [0x0000000080000000, 0x0000000100000000)
  region size 1024K, 165 young (168960K), 24 survivors (24576K)
 Metaspace       used 107773K, committed 108864K, reserved 557056K
  class space    used 15099K, committed 15616K, reserved 425984K
}
Event: 54.335 GC heap after
{Heap after GC invocations=53 (full 0):
 garbage-first heap   total 372736K, used 168396K [0x0000000080000000, 0x0000000100000000)
  region size 1024K, 21 young (21504K), 21 survivors (21504K)
 Metaspace       used 107773K, committed 108864K, reserved 557056K
  class space    used 15099K, committed 15616K, reserved 425984K
}
Event: 57.182 GC heap before
{Heap before GC invocations=53 (full 0):
 garbage-first heap   total 372736K, used 294348K [0x0000000080000000, 0x0000000100000000)
  region size 1024K, 142 young (145408K), 21 survivors (21504K)
 Metaspace       used 111539K, committed 112768K, reserved 557056K
  class space    used 15626K, committed 16192K, reserved 425984K
}
Event: 57.224 GC heap after
{Heap after GC invocations=54 (full 0):
 garbage-first heap   total 372736K, used 188856K [0x0000000080000000, 0x0000000100000000)
  region size 1024K, 18 young (18432K), 18 survivors (18432K)
 Metaspace       used 111539K, committed 112768K, reserved 557056K
  class space    used 15626K, committed 16192K, reserved 425984K
}
Event: 59.355 GC heap before
{Heap before GC invocations=54 (full 0):
 garbage-first heap   total 372736K, used 296376K [0x0000000080000000, 0x0000000100000000)
  region size 1024K, 123 young (125952K), 18 survivors (18432K)
 Metaspace       used 113899K, committed 115136K, reserved 557056K
  class space    used 15860K, committed 16448K, reserved 425984K
}
Event: 59.385 GC heap after
{Heap after GC invocations=55 (full 0):
 garbage-first heap   total 372736K, used 201506K [0x0000000080000000, 0x0000000100000000)
  region size 1024K, 13 young (13312K), 13 survivors (13312K)
 Metaspace       used 113899K, committed 115136K, reserved 557056K
  class space    used 15860K, committed 16448K, reserved 425984K
}
Event: 61.404 GC heap before
{Heap before GC invocations=55 (full 0):
 garbage-first heap   total 372736K, used 298786K [0x0000000080000000, 0x0000000100000000)
  region size 1024K, 109 young (111616K), 13 survivors (13312K)
 Metaspace       used 114698K, committed 115904K, reserved 557056K
  class space    used 15952K, committed 16512K, reserved 425984K
}
Event: 61.430 GC heap after
{Heap after GC invocations=56 (full 0):
 garbage-first heap   total 372736K, used 210647K [0x0000000080000000, 0x0000000100000000)
  region size 1024K, 10 young (10240K), 10 survivors (10240K)
 Metaspace       used 114698K, committed 115904K, reserved 557056K
  class space    used 15952K, committed 16512K, reserved 425984K
}

