# JRE version: OpenJDK Runtime Environment Temurin-17.0.14+7 (17.0.14+7) (build 17.0.14+7)
# Java VM: OpenJDK 64-Bit Server VM Temurin-17.0.14+7 (17.0.14+7, mixed mode, sharing, tiered, compressed oops, compressed class ptrs, g1 gc, windows-amd64)
GC Precious Log:
 CPUs: 8 total, 8 available
 Memory: 7502M
 Large Page Support: Disabled
 NUMA Support: Disabled
 Compressed Oops: Enabled (32-bit)
 Heap Region Size: 1M
 Heap Min Capacity: 8M
 Heap Initial Capacity: 118M
 Heap Max Capacity: 2G
 Pre-touch: Disabled
 Parallel Workers: 8
 Concurrent Workers: 2
 Concurrent Refinement Workers: 8
 Periodic GC: Disabled
Heap:
 garbage-first heap   total 323584K, used 192593K [0x0000000080000000, 0x0000000100000000)
  region size 1024K, 110 young (112640K), 19 survivors (19456K)
 Metaspace       used 94331K, committed 95232K, reserved 1179648K
  class space    used 13108K, committed 13568K, reserved 1048576K
GC Heap History (20 events):
Event: 63.354 GC heap before
{Heap before GC invocations=51 (full 0):
 garbage-first heap   total 269312K, used 231394K [0x0000000080000000, 0x0000000100000000)
  region size 1024K, 152 young (155648K), 8 survivors (8192K)
 Metaspace       used 74596K, committed 75456K, reserved 1114112K
  class space    used 10531K, committed 10944K, reserved 1048576K
}
Event: 63.361 GC heap after
{Heap after GC invocations=52 (full 0):
 garbage-first heap   total 269312K, used 85780K [0x0000000080000000, 0x0000000100000000)
  region size 1024K, 9 young (9216K), 9 survivors (9216K)
 Metaspace       used 74596K, committed 75456K, reserved 1114112K
  class space    used 10531K, committed 10944K, reserved 1048576K
}
Event: 63.657 GC heap before
{Heap before GC invocations=52 (full 0):
 garbage-first heap   total 269312K, used 230164K [0x0000000080000000, 0x0000000100000000)
  region size 1024K, 151 young (154624K), 9 survivors (9216K)
 Metaspace       used 74605K, committed 75456K, reserved 1114112K
  class space    used 10531K, committed 10944K, reserved 1048576K
}
Event: 63.664 GC heap after
{Heap after GC invocations=53 (full 0):
 garbage-first heap   total 269312K, used 86842K [0x0000000080000000, 0x0000000100000000)
  region size 1024K, 10 young (10240K), 10 survivors (10240K)
 Metaspace       used 74605K, committed 75456K, reserved 1114112K
  class space    used 10531K, committed 10944K, reserved 1048576K
}
Event: 63.931 GC heap before
{Heap before GC invocations=53 (full 0):
 garbage-first heap   total 269312K, used 230202K [0x0000000080000000, 0x0000000100000000)
  region size 1024K, 150 young (153600K), 10 survivors (10240K)
 Metaspace       used 74606K, committed 75456K, reserved 1114112K
  class space    used 10531K, committed 10944K, reserved 1048576K
}
Event: 63.937 GC heap after
{Heap after GC invocations=54 (full 0):
 garbage-first heap   total 269312K, used 87123K [0x0000000080000000, 0x0000000100000000)
  region size 1024K, 10 young (10240K), 10 survivors (10240K)
 Metaspace       used 74606K, committed 75456K, reserved 1114112K
  class space    used 10531K, committed 10944K, reserved 1048576K
}
Event: 64.250 GC heap before
{Heap before GC invocations=54 (full 0):
 garbage-first heap   total 269312K, used 229459K [0x0000000080000000, 0x0000000100000000)
  region size 1024K, 150 young (153600K), 10 survivors (10240K)
 Metaspace       used 74609K, committed 75456K, reserved 1114112K
  class space    used 10531K, committed 10944K, reserved 1048576K
}
Event: 64.255 GC heap after
{Heap after GC invocations=55 (full 0):
 garbage-first heap   total 323584K, used 81729K [0x0000000080000000, 0x0000000100000000)
  region size 1024K, 5 young (5120K), 5 survivors (5120K)
 Metaspace       used 74609K, committed 75456K, reserved 1114112K
  class space    used 10531K, committed 10944K, reserved 1048576K
}
Event: 65.238 GC heap before
{Heap before GC invocations=55 (full 0):
 garbage-first heap   total 323584K, used 270145K [0x0000000080000000, 0x0000000100000000)
  region size 1024K, 189 young (193536K), 5 survivors (5120K)
 Metaspace       used 74611K, committed 75456K, reserved 1114112K
  class space    used 10531K, committed 10944K, reserved 1048576K
}
Event: 65.246 GC heap after
{Heap after GC invocations=56 (full 0):
 garbage-first heap   total 323584K, used 81066K [0x0000000080000000, 0x0000000100000000)
  region size 1024K, 4 young (4096K), 4 survivors (4096K)
 Metaspace       used 74611K, committed 75456K, reserved 1114112K
  class space    used 10531K, committed 10944K, reserved 1048576K
}
Event: 66.760 GC heap before
{Heap before GC invocations=56 (full 0):
 garbage-first heap   total 323584K, used 270506K [0x0000000080000000, 0x0000000100000000)
  region size 1024K, 189 young (193536K), 4 survivors (4096K)
 Metaspace       used 74739K, committed 75520K, reserved 1114112K
  class space    used 10553K, committed 10944K, reserved 1048576K
}
Event: 66.763 GC heap after
{Heap after GC invocations=57 (full 0):
 garbage-first heap   total 323584K, used 77803K [0x0000000080000000, 0x0000000100000000)
  region size 1024K, 2 young (2048K), 2 survivors (2048K)
 Metaspace       used 74739K, committed 75520K, reserved 1114112K
  class space    used 10553K, committed 10944K, reserved 1048576K
}
Event: 67.754 GC heap before
{Heap before GC invocations=57 (full 0):
 garbage-first heap   total 323584K, used 270315K [0x0000000080000000, 0x0000000100000000)
  region size 1024K, 189 young (193536K), 2 survivors (2048K)
 Metaspace       used 74748K, committed 75520K, reserved 1114112K
  class space    used 10554K, committed 10944K, reserved 1048576K
}
Event: 67.758 GC heap after
{Heap after GC invocations=58 (full 0):
 garbage-first heap   total 323584K, used 78167K [0x0000000080000000, 0x0000000100000000)
  region size 1024K, 2 young (2048K), 2 survivors (2048K)
 Metaspace       used 74748K, committed 75520K, reserved 1114112K
  class space    used 10554K, committed 10944K, reserved 1048576K
}
Event: 68.761 GC heap before
{Heap before GC invocations=58 (full 0):
 garbage-first heap   total 323584K, used 269655K [0x0000000080000000, 0x0000000100000000)
  region size 1024K, 189 young (193536K), 2 survivors (2048K)
 Metaspace       used 74766K, committed 75520K, reserved 1114112K
  class space    used 10554K, committed 10944K, reserved 1048576K
}
Event: 68.764 GC heap after
{Heap after GC invocations=59 (full 0):
 garbage-first heap   total 323584K, used 77567K [0x0000000080000000, 0x0000000100000000)
  region size 1024K, 2 young (2048K), 2 survivors (2048K)
 Metaspace       used 74766K, committed 75520K, reserved 1114112K
  class space    used 10554K, committed 10944K, reserved 1048576K
}
Event: 70.894 GC heap before
{Heap before GC invocations=59 (full 0):
 garbage-first heap   total 323584K, used 272127K [0x0000000080000000, 0x0000000100000000)
  region size 1024K, 189 young (193536K), 2 survivors (2048K)
 Metaspace       used 79554K, committed 80384K, reserved 1179648K
  class space    used 11226K, committed 11648K, reserved 1048576K
}
Event: 70.904 GC heap after
{Heap after GC invocations=60 (full 0):
 garbage-first heap   total 323584K, used 89489K [0x0000000080000000, 0x0000000100000000)
  region size 1024K, 10 young (10240K), 10 survivors (10240K)
 Metaspace       used 79554K, committed 80384K, reserved 1179648K
  class space    used 11226K, committed 11648K, reserved 1048576K
}
Event: 74.311 GC heap before
{Heap before GC invocations=60 (full 0):
 garbage-first heap   total 323584K, used 280977K [0x0000000080000000, 0x0000000100000000)
  region size 1024K, 189 young (193536K), 10 survivors (10240K)
 Metaspace       used 90308K, committed 91200K, reserved 1179648K
  class space    used 12558K, committed 12992K, reserved 1048576K
}
Event: 74.326 GC heap after
{Heap after GC invocations=61 (full 0):
 garbage-first heap   total 323584K, used 100433K [0x0000000080000000, 0x0000000100000000)
  region size 1024K, 19 young (19456K), 19 survivors (19456K)
 Metaspace       used 90308K, committed 91200K, reserved 1179648K
  class space    used 12558K, committed 12992K, reserved 1048576K
}

