# JRE version: OpenJDK Runtime Environment Temurin-17.0.14+7 (17.0.14+7) (build 17.0.14+7)
# Java VM: OpenJDK 64-Bit Server VM Temurin-17.0.14+7 (17.0.14+7, mixed mode, sharing, tiered, compressed oops, compressed class ptrs, g1 gc, windows-amd64)
GC Precious Log:
 CPUs: 8 total, 8 available
 Memory: 7502M
 Large Page Support: Disabled
 NUMA Support: Disabled
 Compressed Oops: Enabled (Zero based)
 Heap Region Size: 2M
 Heap Min Capacity: 8M
 Heap Initial Capacity: 118M
 Heap Max Capacity: 4G
 Pre-touch: Disabled
 Parallel Workers: 8
 Concurrent Workers: 2
 Concurrent Refinement Workers: 8
 Periodic GC: Disabled
Heap:
 garbage-first heap   total 167936K, used 113718K [0x0000000700000000, 0x0000000800000000)
  region size 2048K, 12 young (24576K), 3 survivors (6144K)
 Metaspace       used 91053K, committed 91904K, reserved 557056K
  class space    used 12591K, committed 12992K, reserved 425984K
GC Heap History (20 events):
Event: 29.577 GC heap before
{Heap before GC invocations=32 (full 0):
 garbage-first heap   total 120832K, used 94589K [0x0000000700000000, 0x0000000800000000)
  region size 2048K, 16 young (32768K), 3 survivors (6144K)
 Metaspace       used 73920K, committed 74624K, reserved 491520K
  class space    used 10296K, committed 10624K, reserved 425984K
}
Event: 29.586 GC heap after
{Heap after GC invocations=33 (full 0):
 garbage-first heap   total 120832K, used 69870K [0x0000000700000000, 0x0000000800000000)
  region size 2048K, 2 young (4096K), 2 survivors (4096K)
 Metaspace       used 73920K, committed 74624K, reserved 491520K
  class space    used 10296K, committed 10624K, reserved 425984K
}
Event: 30.742 GC heap before
{Heap before GC invocations=33 (full 0):
 garbage-first heap   total 120832K, used 96494K [0x0000000700000000, 0x0000000800000000)
  region size 2048K, 16 young (32768K), 2 survivors (4096K)
 Metaspace       used 75768K, committed 76480K, reserved 557056K
  class space    used 10621K, committed 10944K, reserved 425984K
}
Event: 30.754 GC heap after
{Heap after GC invocations=34 (full 0):
 garbage-first heap   total 120832K, used 71680K [0x0000000700000000, 0x0000000800000000)
  region size 2048K, 2 young (4096K), 2 survivors (4096K)
 Metaspace       used 75768K, committed 76480K, reserved 557056K
  class space    used 10621K, committed 10944K, reserved 425984K
}
Event: 31.529 GC heap before
{Heap before GC invocations=35 (full 0):
 garbage-first heap   total 126976K, used 96256K [0x0000000700000000, 0x0000000800000000)
  region size 2048K, 15 young (30720K), 2 survivors (4096K)
 Metaspace       used 76403K, committed 77120K, reserved 557056K
  class space    used 10710K, committed 11072K, reserved 425984K
}
Event: 31.538 GC heap after
{Heap after GC invocations=36 (full 0):
 garbage-first heap   total 126976K, used 72863K [0x0000000700000000, 0x0000000800000000)
  region size 2048K, 1 young (2048K), 1 survivors (2048K)
 Metaspace       used 76403K, committed 77120K, reserved 557056K
  class space    used 10710K, committed 11072K, reserved 425984K
}
Event: 31.629 GC heap before
{Heap before GC invocations=36 (full 0):
 garbage-first heap   total 126976K, used 76959K [0x0000000700000000, 0x0000000800000000)
  region size 2048K, 3 young (6144K), 1 survivors (2048K)
 Metaspace       used 76472K, committed 77248K, reserved 557056K
  class space    used 10723K, committed 11072K, reserved 425984K
}
Event: 31.635 GC heap after
{Heap after GC invocations=37 (full 0):
 garbage-first heap   total 153600K, used 72714K [0x0000000700000000, 0x0000000800000000)
  region size 2048K, 1 young (2048K), 1 survivors (2048K)
 Metaspace       used 76472K, committed 77248K, reserved 557056K
  class space    used 10723K, committed 11072K, reserved 425984K
}
Event: 32.702 GC heap before
{Heap before GC invocations=37 (full 0):
 garbage-first heap   total 153600K, used 119818K [0x0000000700000000, 0x0000000800000000)
  region size 2048K, 25 young (51200K), 1 survivors (2048K)
 Metaspace       used 79203K, committed 80064K, reserved 557056K
  class space    used 11051K, committed 11456K, reserved 425984K
}
Event: 32.709 GC heap after
{Heap after GC invocations=38 (full 0):
 garbage-first heap   total 153600K, used 83285K [0x0000000700000000, 0x0000000800000000)
  region size 2048K, 4 young (8192K), 4 survivors (8192K)
 Metaspace       used 79203K, committed 80064K, reserved 557056K
  class space    used 11051K, committed 11456K, reserved 425984K
}
Event: 33.439 GC heap before
{Heap before GC invocations=39 (full 0):
 garbage-first heap   total 153600K, used 120149K [0x0000000700000000, 0x0000000800000000)
  region size 2048K, 23 young (47104K), 4 survivors (8192K)
 Metaspace       used 82437K, committed 83264K, reserved 557056K
  class space    used 11419K, committed 11776K, reserved 425984K
}
Event: 33.448 GC heap after
{Heap after GC invocations=40 (full 0):
 garbage-first heap   total 153600K, used 91390K [0x0000000700000000, 0x0000000800000000)
  region size 2048K, 3 young (6144K), 3 survivors (6144K)
 Metaspace       used 82437K, committed 83264K, reserved 557056K
  class space    used 11419K, committed 11776K, reserved 425984K
}
Event: 34.061 GC heap before
{Heap before GC invocations=40 (full 0):
 garbage-first heap   total 153600K, used 124158K [0x0000000700000000, 0x0000000800000000)
  region size 2048K, 19 young (38912K), 3 survivors (6144K)
 Metaspace       used 84292K, committed 85056K, reserved 557056K
  class space    used 11673K, committed 12032K, reserved 425984K
}
Event: 34.067 GC heap after
{Heap after GC invocations=41 (full 0):
 garbage-first heap   total 153600K, used 91676K [0x0000000700000000, 0x0000000800000000)
  region size 2048K, 2 young (4096K), 2 survivors (4096K)
 Metaspace       used 84292K, committed 85056K, reserved 557056K
  class space    used 11673K, committed 12032K, reserved 425984K
}
Event: 34.629 GC heap before
{Heap before GC invocations=42 (full 0):
 garbage-first heap   total 167936K, used 122396K [0x0000000700000000, 0x0000000800000000)
  region size 2048K, 17 young (34816K), 2 survivors (4096K)
 Metaspace       used 86368K, committed 87168K, reserved 557056K
  class space    used 11946K, committed 12288K, reserved 425984K
}
Event: 34.633 GC heap after
{Heap after GC invocations=43 (full 0):
 garbage-first heap   total 167936K, used 92835K [0x0000000700000000, 0x0000000800000000)
  region size 2048K, 2 young (4096K), 2 survivors (4096K)
 Metaspace       used 86368K, committed 87168K, reserved 557056K
  class space    used 11946K, committed 12288K, reserved 425984K
}
Event: 35.380 GC heap before
{Heap before GC invocations=43 (full 0):
 garbage-first heap   total 167936K, used 133795K [0x0000000700000000, 0x0000000800000000)
  region size 2048K, 22 young (45056K), 2 survivors (4096K)
 Metaspace       used 89402K, committed 90240K, reserved 557056K
  class space    used 12366K, committed 12736K, reserved 425984K
}
Event: 35.386 GC heap after
{Heap after GC invocations=44 (full 0):
 garbage-first heap   total 167936K, used 94710K [0x0000000700000000, 0x0000000800000000)
  region size 2048K, 2 young (4096K), 2 survivors (4096K)
 Metaspace       used 89402K, committed 90240K, reserved 557056K
  class space    used 12366K, committed 12736K, reserved 425984K
}
Event: 36.087 GC heap before
{Heap before GC invocations=45 (full 0):
 garbage-first heap   total 167936K, used 135670K [0x0000000700000000, 0x0000000800000000)
  region size 2048K, 22 young (45056K), 2 survivors (4096K)
 Metaspace       used 90831K, committed 91712K, reserved 557056K
  class space    used 12570K, committed 12992K, reserved 425984K
}
Event: 36.094 GC heap after
{Heap after GC invocations=46 (full 0):
 garbage-first heap   total 167936K, used 97334K [0x0000000700000000, 0x0000000800000000)
  region size 2048K, 3 young (6144K), 3 survivors (6144K)
 Metaspace       used 90831K, committed 91712K, reserved 557056K
  class space    used 12570K, committed 12992K, reserved 425984K
}

